123 : 2021-05-06 16:41:52,564 : INFO : telemetry.main : Attempt start. Configuration directory [/home/odl_user/.azure].
123 : 2021-05-06 16:41:52,565 : INFO : telemetry.check : Positive: The /home/odl_user/.azure/telemetry.txt does not exist.
123 : 2021-05-06 16:41:52,565 : DEBUG : telemetry.note : acquiring lock
123 : 2021-05-06 16:41:52,565 : DEBUG : telemetry.note : acquired lock
123 : 2021-05-06 16:41:52,565 : INFO : telemetry.note : Update the note mtime to 2021-05-06 16:41:52.565836
123 : 2021-05-06 16:41:52,566 : WARNING : telemetry.note : Fail to parse or read the timestamp 'N/A' in the note file. Set the last send time to minimal. Reason: not readable
123 : 2021-05-06 16:41:52,566 : INFO : telemetry.records : No cache to be uploaded.
123 : 2021-05-06 16:41:52,566 : INFO : telemetry.client : Accumulated 0 events. Flush the clients.
123 : 2021-05-06 16:41:52,566 : INFO : telemetry.note : Update the last send in note to 0001-01-01 00:00:00
123 : 2021-05-06 16:41:52,566 : INFO : telemetry.note : Update the note mtime to 2021-05-06 16:41:52.566623
112 : 2021-05-06 18:14:19,172 : INFO : telemetry.main : Attempt start. Configuration directory [/home/odl_user/.azure].
112 : 2021-05-06 18:14:19,176 : INFO : telemetry.check : Returns Positive.
112 : 2021-05-06 18:14:19,176 : DEBUG : telemetry.note : acquiring lock
112 : 2021-05-06 18:14:19,176 : DEBUG : telemetry.note : acquired lock
112 : 2021-05-06 18:14:19,177 : INFO : telemetry.note : Update the note mtime to 2021-05-06 18:14:19.176991
112 : 2021-05-06 18:14:19,183 : WARNING : telemetry.note : Fail to parse or read the timestamp '1-01-01T00:00:00' in the note file. Set the last send time to minimal. Reason: time data '1-01-01T00:00:00' does not match format '%Y-%m-%dT%H:%M:%S'
112 : 2021-05-06 18:14:19,183 : INFO : telemetry.records : No cache to be uploaded.
112 : 2021-05-06 18:14:19,184 : INFO : telemetry.client : Accumulated 0 events. Flush the clients.
112 : 2021-05-06 18:14:19,184 : INFO : telemetry.note : Update the last send in note to 0001-01-01 00:00:00
112 : 2021-05-06 18:14:19,184 : INFO : telemetry.note : Update the note mtime to 2021-05-06 18:14:19.184402
115 : 2021-05-06 18:53:02,327 : INFO : telemetry.main : Attempt start. Configuration directory [/home/odl_user/.azure].
115 : 2021-05-06 18:53:02,331 : INFO : telemetry.check : Returns Positive.
115 : 2021-05-06 18:53:02,332 : DEBUG : telemetry.note : acquiring lock
115 : 2021-05-06 18:53:02,332 : DEBUG : telemetry.note : acquired lock
115 : 2021-05-06 18:53:02,332 : INFO : telemetry.note : Update the note mtime to 2021-05-06 18:53:02.332290
115 : 2021-05-06 18:53:02,356 : WARNING : telemetry.note : Fail to parse or read the timestamp '1-01-01T00:00:00' in the note file. Set the last send time to minimal. Reason: time data '1-01-01T00:00:00' does not match format '%Y-%m-%dT%H:%M:%S'
115 : 2021-05-06 18:53:02,356 : INFO : telemetry.records : No cache to be uploaded.
115 : 2021-05-06 18:53:02,356 : INFO : telemetry.client : Accumulated 0 events. Flush the clients.
115 : 2021-05-06 18:53:02,356 : INFO : telemetry.note : Update the last send in note to 0001-01-01 00:00:00
115 : 2021-05-06 18:53:02,356 : INFO : telemetry.note : Update the note mtime to 2021-05-06 18:53:02.356870
116 : 2021-05-06 19:59:51,201 : INFO : telemetry.main : Attempt start. Configuration directory [/home/odl_user/.azure].
116 : 2021-05-06 19:59:51,205 : INFO : telemetry.check : Returns Positive.
116 : 2021-05-06 19:59:51,206 : DEBUG : telemetry.note : acquiring lock
116 : 2021-05-06 19:59:51,206 : DEBUG : telemetry.note : acquired lock
116 : 2021-05-06 19:59:51,206 : INFO : telemetry.note : Update the note mtime to 2021-05-06 19:59:51.206456
116 : 2021-05-06 19:59:51,213 : WARNING : telemetry.note : Fail to parse or read the timestamp '1-01-01T00:00:00' in the note file. Set the last send time to minimal. Reason: time data '1-01-01T00:00:00' does not match format '%Y-%m-%dT%H:%M:%S'
116 : 2021-05-06 19:59:51,213 : INFO : telemetry.records : No cache to be uploaded.
116 : 2021-05-06 19:59:51,213 : INFO : telemetry.client : Accumulated 0 events. Flush the clients.
116 : 2021-05-06 19:59:51,214 : INFO : telemetry.note : Update the last send in note to 0001-01-01 00:00:00
116 : 2021-05-06 19:59:51,214 : INFO : telemetry.note : Update the note mtime to 2021-05-06 19:59:51.214187
